<?xml version="1.0" encoding="UTF-8" ?>
<testsuite tests="1" failures="1" name="com.example.rest.HelloResourceTest" time="0.015" errors="0" skipped="0">
  <properties>
[...]
</properties>
  <testcase classname="com.example.rest.HelloResourceTest" name="com.example.rest.HelloResourceTest.testPostMultivalued" time="0.015">
    <failure message="Cannot invoke &quot;javax.ws.rs.client.WebTarget.path(String)&quot; because &quot;this.target&quot; is null" type="java.lang.NullPointerException">java.lang.NullPointerException: Cannot invoke &quot;javax.ws.rs.client.WebTarget.path(String)&quot; because &quot;this.target&quot; is null
	at com.example.rest.HelloResourceTest.testPostMultivalued(HelloResourceTest.java:45)
</failure>
  </testcase>
</testsuite>